[0.600s] Invoking command in '/home/saif/Desktop/ROARTASK/ros2_ws/src/aruco_tracking': PYTHONPATH=/home/saif/Desktop/ROARTASK/ros2_ws/build/aruco_tracking/prefix_override:/usr/lib/python3/dist-packages/colcon_core/task/python/colcon_distutils_commands:/home/saif/Desktop/ROARTASK/ros2_ws/install/aruco_tracking/lib/python3.10/site-packages:${PYTHONPATH} /usr/bin/python3 -W ignore:setup.py install is deprecated -W ignore:easy_install command is deprecated setup.py egg_info --egg-base ../../build/aruco_tracking build --build-base /home/saif/Desktop/ROARTASK/ros2_ws/build/aruco_tracking/build install --record /home/saif/Desktop/ROARTASK/ros2_ws/build/aruco_tracking/install.log --single-version-externally-managed install_data
[0.731s] /home/saif/.local/lib/python3.10/site-packages/setuptools/_distutils/dist.py:287: UserWarning: Unknown distribution option: 'tests_require'
[0.732s]   warnings.warn(msg)
[0.815s] running egg_info
[0.828s] writing ../../build/aruco_tracking/aruco_tracking.egg-info/PKG-INFO
[0.828s] writing dependency_links to ../../build/aruco_tracking/aruco_tracking.egg-info/dependency_links.txt
[0.829s] writing entry points to ../../build/aruco_tracking/aruco_tracking.egg-info/entry_points.txt
[0.829s] writing requirements to ../../build/aruco_tracking/aruco_tracking.egg-info/requires.txt
[0.829s] writing top-level names to ../../build/aruco_tracking/aruco_tracking.egg-info/top_level.txt
[0.983s] reading manifest file '../../build/aruco_tracking/aruco_tracking.egg-info/SOURCES.txt'
[0.984s] writing manifest file '../../build/aruco_tracking/aruco_tracking.egg-info/SOURCES.txt'
[0.984s] running build
[0.984s] running build_py
[0.985s] copying aruco_tracking/aruco_node.py -> /home/saif/Desktop/ROARTASK/ros2_ws/build/aruco_tracking/build/lib/aruco_tracking
[0.985s] copying aruco_tracking/aruco_tracker.py -> /home/saif/Desktop/ROARTASK/ros2_ws/build/aruco_tracking/build/lib/aruco_tracking
[0.985s] copying aruco_tracking/fake_camera.py -> /home/saif/Desktop/ROARTASK/ros2_ws/build/aruco_tracking/build/lib/aruco_tracking
[0.985s] copying aruco_tracking/__init__.py -> /home/saif/Desktop/ROARTASK/ros2_ws/build/aruco_tracking/build/lib/aruco_tracking
[0.985s] running install
[0.988s] running install_lib
[1.003s] running install_data
[1.003s] copying resource/aruco_tracking -> /home/saif/Desktop/ROARTASK/ros2_ws/install/aruco_tracking/share/ament_index/resource_index/packages
[1.003s] copying package.xml -> /home/saif/Desktop/ROARTASK/ros2_ws/install/aruco_tracking/share/aruco_tracking
[1.003s] running install_egg_info
[1.017s] removing '/home/saif/Desktop/ROARTASK/ros2_ws/install/aruco_tracking/lib/python3.10/site-packages/aruco_tracking-0.0.0-py3.10.egg-info' (and everything under it)
[1.018s] Copying ../../build/aruco_tracking/aruco_tracking.egg-info to /home/saif/Desktop/ROARTASK/ros2_ws/install/aruco_tracking/lib/python3.10/site-packages/aruco_tracking-0.0.0-py3.10.egg-info
[1.018s] running install_scripts
[1.055s] Installing aruco_node script to /home/saif/Desktop/ROARTASK/ros2_ws/install/aruco_tracking/lib/aruco_tracking
[1.055s] Installing fake_camera script to /home/saif/Desktop/ROARTASK/ros2_ws/install/aruco_tracking/lib/aruco_tracking
[1.055s] writing list of installed files to '/home/saif/Desktop/ROARTASK/ros2_ws/build/aruco_tracking/install.log'
[1.082s] Invoked command in '/home/saif/Desktop/ROARTASK/ros2_ws/src/aruco_tracking' returned '0': PYTHONPATH=/home/saif/Desktop/ROARTASK/ros2_ws/build/aruco_tracking/prefix_override:/usr/lib/python3/dist-packages/colcon_core/task/python/colcon_distutils_commands:/home/saif/Desktop/ROARTASK/ros2_ws/install/aruco_tracking/lib/python3.10/site-packages:${PYTHONPATH} /usr/bin/python3 -W ignore:setup.py install is deprecated -W ignore:easy_install command is deprecated setup.py egg_info --egg-base ../../build/aruco_tracking build --build-base /home/saif/Desktop/ROARTASK/ros2_ws/build/aruco_tracking/build install --record /home/saif/Desktop/ROARTASK/ros2_ws/build/aruco_tracking/install.log --single-version-externally-managed install_data
