[0.176s] Invoking command in '/home/saif/Desktop/ROARTASK/ros2_ws/build/my_robot_description': CMAKE_PREFIX_PATH=${CMAKE_PREFIX_PATH}:/home/saif/Desktop/RosData/ros2_prog1/install/my_py_pkg1:/opt/ros/humble /usr/bin/cmake /home/saif/Desktop/ROARTASK/ros2_ws/src/my_robot_description -DAMENT_CMAKE_SYMLINK_INSTALL=1 -DCMAKE_INSTALL_PREFIX=/home/saif/Desktop/ROARTASK/ros2_ws/install/my_robot_description
[0.191s] -- Found ament_cmake: 1.3.14 (/opt/ros/humble/share/ament_cmake/cmake)
[0.298s] -- Override CMake install command with custom implementation using symlinks instead of copying resources
[0.310s] -- Found ament_lint_auto: 0.12.15 (/opt/ros/humble/share/ament_lint_auto/cmake)
[0.374s] -- Added test 'flake8' to check Python code syntax and style conventions
[0.375s] -- Added test 'lint_cmake' to check CMake code style
[0.375s] -- Added test 'pep257' to check Python code against some of the docstring style conventions in PEP 257
[0.377s] -- Added test 'xmllint' to check XML markup files
[0.378s] -- Configuring done
[0.381s] -- Generating done
[0.383s] -- Build files have been written to: /home/saif/Desktop/ROARTASK/ros2_ws/build/my_robot_description
[0.387s] Invoked command in '/home/saif/Desktop/ROARTASK/ros2_ws/build/my_robot_description' returned '0': CMAKE_PREFIX_PATH=${CMAKE_PREFIX_PATH}:/home/saif/Desktop/RosData/ros2_prog1/install/my_py_pkg1:/opt/ros/humble /usr/bin/cmake /home/saif/Desktop/ROARTASK/ros2_ws/src/my_robot_description -DAMENT_CMAKE_SYMLINK_INSTALL=1 -DCMAKE_INSTALL_PREFIX=/home/saif/Desktop/ROARTASK/ros2_ws/install/my_robot_description
[0.388s] Invoking command in '/home/saif/Desktop/ROARTASK/ros2_ws/build/my_robot_description': CMAKE_PREFIX_PATH=${CMAKE_PREFIX_PATH}:/home/saif/Desktop/RosData/ros2_prog1/install/my_py_pkg1:/opt/ros/humble /usr/bin/cmake --build /home/saif/Desktop/ROARTASK/ros2_ws/build/my_robot_description -- -j16 -l16
[0.431s] Invoked command in '/home/saif/Desktop/ROARTASK/ros2_ws/build/my_robot_description' returned '0': CMAKE_PREFIX_PATH=${CMAKE_PREFIX_PATH}:/home/saif/Desktop/RosData/ros2_prog1/install/my_py_pkg1:/opt/ros/humble /usr/bin/cmake --build /home/saif/Desktop/ROARTASK/ros2_ws/build/my_robot_description -- -j16 -l16
[0.432s] Invoking command in '/home/saif/Desktop/ROARTASK/ros2_ws/build/my_robot_description': CMAKE_PREFIX_PATH=${CMAKE_PREFIX_PATH}:/home/saif/Desktop/RosData/ros2_prog1/install/my_py_pkg1:/opt/ros/humble /usr/bin/cmake --install /home/saif/Desktop/ROARTASK/ros2_ws/build/my_robot_description
[0.438s] -- Install configuration: ""
[0.438s] -- Execute custom install script
[0.439s] -- Symlinking: /home/saif/Desktop/ROARTASK/ros2_ws/install/my_robot_description/share/my_robot_description/urdf/gazebo.xacro
[0.446s] -- Symlinking: /home/saif/Desktop/ROARTASK/ros2_ws/install/my_robot_description/share/my_robot_description/urdf/macros.xacro
[0.454s] -- Symlinking: /home/saif/Desktop/ROARTASK/ros2_ws/install/my_robot_description/share/my_robot_description/urdf/materials.xacro
[0.461s] -- Symlinking: /home/saif/Desktop/ROARTASK/ros2_ws/install/my_robot_description/share/my_robot_description/urdf/my_robot.urdf.xacro
[0.469s] -- Symlinking: /home/saif/Desktop/ROARTASK/ros2_ws/install/my_robot_description/share/my_robot_description/launch/display.launch.py
[0.477s] -- Symlinking: /home/saif/Desktop/ROARTASK/ros2_ws/install/my_robot_description/share/my_robot_description/launch/gazebo.launch.py
[0.486s] -- Symlinking: /home/saif/Desktop/ROARTASK/ros2_ws/install/my_robot_description/share/my_robot_description/launch/gazebo_with_teleop.launch.py
[0.495s] -- Symlinking: /home/saif/Desktop/ROARTASK/ros2_ws/install/my_robot_description/share/my_robot_description/launch/rviz_only.launch.py
[0.504s] -- Symlinking: /home/saif/Desktop/ROARTASK/ros2_ws/install/my_robot_description/share/my_robot_description/rviz/robot_view.rviz
[0.512s] -- Symlinking: /home/saif/Desktop/ROARTASK/ros2_ws/install/my_robot_description/share/my_robot_description/worlds/empty_with_sensors.sdf
[0.521s] -- Symlinking: /home/saif/Desktop/ROARTASK/ros2_ws/install/my_robot_description/share/ament_index/resource_index/package_run_dependencies/my_robot_description
[0.530s] -- Symlinking: /home/saif/Desktop/ROARTASK/ros2_ws/install/my_robot_description/share/ament_index/resource_index/parent_prefix_path/my_robot_description
[0.539s] -- Symlinking: /home/saif/Desktop/ROARTASK/ros2_ws/install/my_robot_description/share/my_robot_description/environment/ament_prefix_path.sh
[0.547s] -- Symlinking: /home/saif/Desktop/ROARTASK/ros2_ws/install/my_robot_description/share/my_robot_description/environment/ament_prefix_path.dsv
[0.556s] -- Symlinking: /home/saif/Desktop/ROARTASK/ros2_ws/install/my_robot_description/share/my_robot_description/environment/path.sh
[0.564s] -- Symlinking: /home/saif/Desktop/ROARTASK/ros2_ws/install/my_robot_description/share/my_robot_description/environment/path.dsv
[0.573s] -- Symlinking: /home/saif/Desktop/ROARTASK/ros2_ws/install/my_robot_description/share/my_robot_description/local_setup.bash
[0.582s] -- Symlinking: /home/saif/Desktop/ROARTASK/ros2_ws/install/my_robot_description/share/my_robot_description/local_setup.sh
[0.590s] -- Symlinking: /home/saif/Desktop/ROARTASK/ros2_ws/install/my_robot_description/share/my_robot_description/local_setup.zsh
[0.599s] -- Symlinking: /home/saif/Desktop/ROARTASK/ros2_ws/install/my_robot_description/share/my_robot_description/local_setup.dsv
[0.608s] -- Symlinking: /home/saif/Desktop/ROARTASK/ros2_ws/install/my_robot_description/share/my_robot_description/package.dsv
[0.616s] -- Symlinking: /home/saif/Desktop/ROARTASK/ros2_ws/install/my_robot_description/share/ament_index/resource_index/packages/my_robot_description
[0.625s] -- Symlinking: /home/saif/Desktop/ROARTASK/ros2_ws/install/my_robot_description/share/my_robot_description/cmake/my_robot_descriptionConfig.cmake
[0.634s] -- Symlinking: /home/saif/Desktop/ROARTASK/ros2_ws/install/my_robot_description/share/my_robot_description/cmake/my_robot_descriptionConfig-version.cmake
[0.643s] -- Symlinking: /home/saif/Desktop/ROARTASK/ros2_ws/install/my_robot_description/share/my_robot_description/package.xml
[0.653s] Invoked command in '/home/saif/Desktop/ROARTASK/ros2_ws/build/my_robot_description' returned '0': CMAKE_PREFIX_PATH=${CMAKE_PREFIX_PATH}:/home/saif/Desktop/RosData/ros2_prog1/install/my_py_pkg1:/opt/ros/humble /usr/bin/cmake --install /home/saif/Desktop/ROARTASK/ros2_ws/build/my_robot_description
