[0.014s] Invoking command in '/home/saif/Desktop/ROARTASK/ros2_ws/build/my_robot_perception': CMAKE_PREFIX_PATH=${CMAKE_PREFIX_PATH}:/home/saif/Desktop/RosData/ros2_prog1/install/my_py_pkg1:/opt/ros/humble /usr/bin/cmake --build /home/saif/Desktop/ROARTASK/ros2_ws/build/my_robot_perception -- -j16 -l16
[0.062s] Invoked command in '/home/saif/Desktop/ROARTASK/ros2_ws/build/my_robot_perception' returned '0': CMAKE_PREFIX_PATH=${CMAKE_PREFIX_PATH}:/home/saif/Desktop/RosData/ros2_prog1/install/my_py_pkg1:/opt/ros/humble /usr/bin/cmake --build /home/saif/Desktop/ROARTASK/ros2_ws/build/my_robot_perception -- -j16 -l16
[0.075s] Invoking command in '/home/saif/Desktop/ROARTASK/ros2_ws/build/my_robot_perception': CMAKE_PREFIX_PATH=${CMAKE_PREFIX_PATH}:/home/saif/Desktop/RosData/ros2_prog1/install/my_py_pkg1:/opt/ros/humble /usr/bin/cmake --install /home/saif/Desktop/ROARTASK/ros2_ws/build/my_robot_perception
[0.085s] -- Install configuration: ""
[0.085s] -- Up-to-date: /home/saif/Desktop/ROARTASK/ros2_ws/install/my_robot_perception/share/my_robot_perception/launch
[0.085s] -- Installing: /home/saif/Desktop/ROARTASK/ros2_ws/install/my_robot_perception/share/my_robot_perception/launch/aruco_detection.launch.py
[0.085s] -- Up-to-date: /home/saif/Desktop/ROARTASK/ros2_ws/install/my_robot_perception/share/ament_index/resource_index/package_run_dependencies/my_robot_perception
[0.085s] -- Up-to-date: /home/saif/Desktop/ROARTASK/ros2_ws/install/my_robot_perception/share/ament_index/resource_index/parent_prefix_path/my_robot_perception
[0.085s] -- Up-to-date: /home/saif/Desktop/ROARTASK/ros2_ws/install/my_robot_perception/share/my_robot_perception/environment/ament_prefix_path.sh
[0.085s] -- Up-to-date: /home/saif/Desktop/ROARTASK/ros2_ws/install/my_robot_perception/share/my_robot_perception/environment/ament_prefix_path.dsv
[0.085s] -- Up-to-date: /home/saif/Desktop/ROARTASK/ros2_ws/install/my_robot_perception/share/my_robot_perception/environment/path.sh
[0.085s] -- Up-to-date: /home/saif/Desktop/ROARTASK/ros2_ws/install/my_robot_perception/share/my_robot_perception/environment/path.dsv
[0.085s] -- Up-to-date: /home/saif/Desktop/ROARTASK/ros2_ws/install/my_robot_perception/share/my_robot_perception/local_setup.bash
[0.085s] -- Up-to-date: /home/saif/Desktop/ROARTASK/ros2_ws/install/my_robot_perception/share/my_robot_perception/local_setup.sh
[0.086s] -- Up-to-date: /home/saif/Desktop/ROARTASK/ros2_ws/install/my_robot_perception/share/my_robot_perception/local_setup.zsh
[0.086s] -- Up-to-date: /home/saif/Desktop/ROARTASK/ros2_ws/install/my_robot_perception/share/my_robot_perception/local_setup.dsv
[0.086s] -- Installing: /home/saif/Desktop/ROARTASK/ros2_ws/install/my_robot_perception/share/my_robot_perception/package.dsv
[0.086s] -- Up-to-date: /home/saif/Desktop/ROARTASK/ros2_ws/install/my_robot_perception/share/ament_index/resource_index/packages/my_robot_perception
[0.086s] -- Up-to-date: /home/saif/Desktop/ROARTASK/ros2_ws/install/my_robot_perception/share/my_robot_perception/cmake/my_robot_perceptionConfig.cmake
[0.086s] -- Up-to-date: /home/saif/Desktop/ROARTASK/ros2_ws/install/my_robot_perception/share/my_robot_perception/cmake/my_robot_perceptionConfig-version.cmake
[0.086s] -- Up-to-date: /home/saif/Desktop/ROARTASK/ros2_ws/install/my_robot_perception/share/my_robot_perception/package.xml
[0.092s] Invoked command in '/home/saif/Desktop/ROARTASK/ros2_ws/build/my_robot_perception' returned '0': CMAKE_PREFIX_PATH=${CMAKE_PREFIX_PATH}:/home/saif/Desktop/RosData/ros2_prog1/install/my_py_pkg1:/opt/ros/humble /usr/bin/cmake --install /home/saif/Desktop/ROARTASK/ros2_ws/build/my_robot_perception
