[0.626s] Invoking command in '/home/saif/Desktop/ROARTASK/ros2_ws/src/aruco_tracking': PYTHONPATH=/home/saif/Desktop/ROARTASK/ros2_ws/build/aruco_tracking/prefix_override:/usr/lib/python3/dist-packages/colcon_core/task/python/colcon_distutils_commands:/home/saif/Desktop/ROARTASK/ros2_ws/install/aruco_tracking/lib/python3.10/site-packages:${PYTHONPATH} /usr/bin/python3 -W ignore:setup.py install is deprecated -W ignore:easy_install command is deprecated setup.py egg_info --egg-base ../../build/aruco_tracking build --build-base /home/saif/Desktop/ROARTASK/ros2_ws/build/aruco_tracking/build install --record /home/saif/Desktop/ROARTASK/ros2_ws/build/aruco_tracking/install.log --single-version-externally-managed install_data
[0.762s] /home/saif/.local/lib/python3.10/site-packages/setuptools/_distutils/dist.py:287: UserWarning: Unknown distribution option: 'tests_require'
[0.762s]   warnings.warn(msg)
[0.853s] running egg_info
[0.867s] writing ../../build/aruco_tracking/aruco_tracking.egg-info/PKG-INFO
[0.868s] writing dependency_links to ../../build/aruco_tracking/aruco_tracking.egg-info/dependency_links.txt
[0.868s] writing entry points to ../../build/aruco_tracking/aruco_tracking.egg-info/entry_points.txt
[0.868s] writing requirements to ../../build/aruco_tracking/aruco_tracking.egg-info/requires.txt
[0.869s] writing top-level names to ../../build/aruco_tracking/aruco_tracking.egg-info/top_level.txt
[1.029s] reading manifest file '../../build/aruco_tracking/aruco_tracking.egg-info/SOURCES.txt'
[1.031s] writing manifest file '../../build/aruco_tracking/aruco_tracking.egg-info/SOURCES.txt'
[1.031s] running build
[1.031s] running build_py
[1.031s] copying aruco_tracking/aruco_node.py -> /home/saif/Desktop/ROARTASK/ros2_ws/build/aruco_tracking/build/lib/aruco_tracking
[1.031s] copying aruco_tracking/aruco_tracker.py -> /home/saif/Desktop/ROARTASK/ros2_ws/build/aruco_tracking/build/lib/aruco_tracking
[1.032s] copying aruco_tracking/fake_camera.py -> /home/saif/Desktop/ROARTASK/ros2_ws/build/aruco_tracking/build/lib/aruco_tracking
[1.032s] copying aruco_tracking/__init__.py -> /home/saif/Desktop/ROARTASK/ros2_ws/build/aruco_tracking/build/lib/aruco_tracking
[1.032s] running install
[1.035s] running install_lib
[1.050s] running install_data
[1.050s] copying resource/aruco_tracking -> /home/saif/Desktop/ROARTASK/ros2_ws/install/aruco_tracking/share/ament_index/resource_index/packages
[1.051s] copying package.xml -> /home/saif/Desktop/ROARTASK/ros2_ws/install/aruco_tracking/share/aruco_tracking
[1.051s] running install_egg_info
[1.066s] removing '/home/saif/Desktop/ROARTASK/ros2_ws/install/aruco_tracking/lib/python3.10/site-packages/aruco_tracking-0.0.0-py3.10.egg-info' (and everything under it)
[1.066s] Copying ../../build/aruco_tracking/aruco_tracking.egg-info to /home/saif/Desktop/ROARTASK/ros2_ws/install/aruco_tracking/lib/python3.10/site-packages/aruco_tracking-0.0.0-py3.10.egg-info
[1.067s] running install_scripts
[1.109s] Installing aruco_node script to /home/saif/Desktop/ROARTASK/ros2_ws/install/aruco_tracking/lib/aruco_tracking
[1.109s] Installing fake_camera script to /home/saif/Desktop/ROARTASK/ros2_ws/install/aruco_tracking/lib/aruco_tracking
[1.109s] writing list of installed files to '/home/saif/Desktop/ROARTASK/ros2_ws/build/aruco_tracking/install.log'
[1.142s] Invoked command in '/home/saif/Desktop/ROARTASK/ros2_ws/src/aruco_tracking' returned '0': PYTHONPATH=/home/saif/Desktop/ROARTASK/ros2_ws/build/aruco_tracking/prefix_override:/usr/lib/python3/dist-packages/colcon_core/task/python/colcon_distutils_commands:/home/saif/Desktop/ROARTASK/ros2_ws/install/aruco_tracking/lib/python3.10/site-packages:${PYTHONPATH} /usr/bin/python3 -W ignore:setup.py install is deprecated -W ignore:easy_install command is deprecated setup.py egg_info --egg-base ../../build/aruco_tracking build --build-base /home/saif/Desktop/ROARTASK/ros2_ws/build/aruco_tracking/build install --record /home/saif/Desktop/ROARTASK/ros2_ws/build/aruco_tracking/install.log --single-version-externally-managed install_data
