[0.191s] Invoking command in '/home/saif/Desktop/ROARTASK/ros2_ws/build/my_robot_description': CMAKE_PREFIX_PATH=${CMAKE_PREFIX_PATH}:/home/saif/Desktop/ROARTASK/ros2_ws/install/aruco_tracking:/home/saif/Desktop/RosData/ros2_prog1/install/my_py_pkg1:/opt/ros/humble /usr/bin/cmake --build /home/saif/Desktop/ROARTASK/ros2_ws/build/my_robot_description -- -j16 -l16
[0.241s] Invoked command in '/home/saif/Desktop/ROARTASK/ros2_ws/build/my_robot_description' returned '0': CMAKE_PREFIX_PATH=${CMAKE_PREFIX_PATH}:/home/saif/Desktop/ROARTASK/ros2_ws/install/aruco_tracking:/home/saif/Desktop/RosData/ros2_prog1/install/my_py_pkg1:/opt/ros/humble /usr/bin/cmake --build /home/saif/Desktop/ROARTASK/ros2_ws/build/my_robot_description -- -j16 -l16
[0.242s] Invoking command in '/home/saif/Desktop/ROARTASK/ros2_ws/build/my_robot_description': CMAKE_PREFIX_PATH=${CMAKE_PREFIX_PATH}:/home/saif/Desktop/ROARTASK/ros2_ws/install/aruco_tracking:/home/saif/Desktop/RosData/ros2_prog1/install/my_py_pkg1:/opt/ros/humble /usr/bin/cmake --install /home/saif/Desktop/ROARTASK/ros2_ws/build/my_robot_description
[0.253s] -- Install configuration: ""
[0.253s] -- Up-to-date: /home/saif/Desktop/ROARTASK/ros2_ws/install/my_robot_description/share/my_robot_description/urdf
[0.253s] -- Up-to-date: /home/saif/Desktop/ROARTASK/ros2_ws/install/my_robot_description/share/my_robot_description/urdf/macros.xacro
[0.253s] -- Up-to-date: /home/saif/Desktop/ROARTASK/ros2_ws/install/my_robot_description/share/my_robot_description/urdf/my_robot.urdf.xacro
[0.253s] -- Up-to-date: /home/saif/Desktop/ROARTASK/ros2_ws/install/my_robot_description/share/my_robot_description/urdf/gazebo.xacro
[0.253s] -- Up-to-date: /home/saif/Desktop/ROARTASK/ros2_ws/install/my_robot_description/share/my_robot_description/urdf/materials.xacro
[0.253s] -- Up-to-date: /home/saif/Desktop/ROARTASK/ros2_ws/install/my_robot_description/share/my_robot_description/launch
[0.253s] -- Up-to-date: /home/saif/Desktop/ROARTASK/ros2_ws/install/my_robot_description/share/my_robot_description/launch/display.launch.py
[0.253s] -- Up-to-date: /home/saif/Desktop/ROARTASK/ros2_ws/install/my_robot_description/share/my_robot_description/launch/gazebo_with_teleop.launch.py
[0.254s] -- Up-to-date: /home/saif/Desktop/ROARTASK/ros2_ws/install/my_robot_description/share/my_robot_description/launch/gazebo.launch.py
[0.254s] -- Up-to-date: /home/saif/Desktop/ROARTASK/ros2_ws/install/my_robot_description/share/my_robot_description/launch/rviz_only.launch.py
[0.254s] -- Up-to-date: /home/saif/Desktop/ROARTASK/ros2_ws/install/my_robot_description/share/my_robot_description/rviz
[0.254s] -- Up-to-date: /home/saif/Desktop/ROARTASK/ros2_ws/install/my_robot_description/share/my_robot_description/rviz/robot_view.rviz
[0.254s] -- Up-to-date: /home/saif/Desktop/ROARTASK/ros2_ws/install/my_robot_description/share/my_robot_description/worlds
[0.254s] -- Up-to-date: /home/saif/Desktop/ROARTASK/ros2_ws/install/my_robot_description/share/my_robot_description/worlds/empty_with_sensors.sdf
[0.254s] -- Up-to-date: /home/saif/Desktop/ROARTASK/ros2_ws/install/my_robot_description/share/ament_index/resource_index/package_run_dependencies/my_robot_description
[0.254s] -- Up-to-date: /home/saif/Desktop/ROARTASK/ros2_ws/install/my_robot_description/share/ament_index/resource_index/parent_prefix_path/my_robot_description
[0.254s] -- Up-to-date: /home/saif/Desktop/ROARTASK/ros2_ws/install/my_robot_description/share/my_robot_description/environment/ament_prefix_path.sh
[0.254s] -- Up-to-date: /home/saif/Desktop/ROARTASK/ros2_ws/install/my_robot_description/share/my_robot_description/environment/ament_prefix_path.dsv
[0.254s] -- Up-to-date: /home/saif/Desktop/ROARTASK/ros2_ws/install/my_robot_description/share/my_robot_description/environment/path.sh
[0.254s] -- Up-to-date: /home/saif/Desktop/ROARTASK/ros2_ws/install/my_robot_description/share/my_robot_description/environment/path.dsv
[0.254s] -- Up-to-date: /home/saif/Desktop/ROARTASK/ros2_ws/install/my_robot_description/share/my_robot_description/local_setup.bash
[0.254s] -- Up-to-date: /home/saif/Desktop/ROARTASK/ros2_ws/install/my_robot_description/share/my_robot_description/local_setup.sh
[0.254s] -- Up-to-date: /home/saif/Desktop/ROARTASK/ros2_ws/install/my_robot_description/share/my_robot_description/local_setup.zsh
[0.255s] -- Up-to-date: /home/saif/Desktop/ROARTASK/ros2_ws/install/my_robot_description/share/my_robot_description/local_setup.dsv
[0.255s] -- Installing: /home/saif/Desktop/ROARTASK/ros2_ws/install/my_robot_description/share/my_robot_description/package.dsv
[0.255s] -- Up-to-date: /home/saif/Desktop/ROARTASK/ros2_ws/install/my_robot_description/share/ament_index/resource_index/packages/my_robot_description
[0.255s] -- Up-to-date: /home/saif/Desktop/ROARTASK/ros2_ws/install/my_robot_description/share/my_robot_description/cmake/my_robot_descriptionConfig.cmake
[0.255s] -- Up-to-date: /home/saif/Desktop/ROARTASK/ros2_ws/install/my_robot_description/share/my_robot_description/cmake/my_robot_descriptionConfig-version.cmake
[0.255s] -- Up-to-date: /home/saif/Desktop/ROARTASK/ros2_ws/install/my_robot_description/share/my_robot_description/package.xml
[0.279s] Invoked command in '/home/saif/Desktop/ROARTASK/ros2_ws/build/my_robot_description' returned '0': CMAKE_PREFIX_PATH=${CMAKE_PREFIX_PATH}:/home/saif/Desktop/ROARTASK/ros2_ws/install/aruco_tracking:/home/saif/Desktop/RosData/ros2_prog1/install/my_py_pkg1:/opt/ros/humble /usr/bin/cmake --install /home/saif/Desktop/ROARTASK/ros2_ws/build/my_robot_description
