[0.188s] Invoking command in '/home/saif/Desktop/ROARTASK/ros2_ws/build/my_robot_description': CMAKE_PREFIX_PATH=${CMAKE_PREFIX_PATH}:/home/saif/Desktop/ROARTASK/ros2_ws/install/aruco_tracking:/home/saif/Desktop/RosData/ros2_prog1/install/my_py_pkg1:/opt/ros/humble /usr/bin/cmake --build /home/saif/Desktop/ROARTASK/ros2_ws/build/my_robot_description -- -j16 -l16
[0.221s] Invoked command in '/home/saif/Desktop/ROARTASK/ros2_ws/build/my_robot_description' returned '0': CMAKE_PREFIX_PATH=${CMAKE_PREFIX_PATH}:/home/saif/Desktop/ROARTASK/ros2_ws/install/aruco_tracking:/home/saif/Desktop/RosData/ros2_prog1/install/my_py_pkg1:/opt/ros/humble /usr/bin/cmake --build /home/saif/Desktop/ROARTASK/ros2_ws/build/my_robot_description -- -j16 -l16
[0.230s] Invoking command in '/home/saif/Desktop/ROARTASK/ros2_ws/build/my_robot_description': CMAKE_PREFIX_PATH=${CMAKE_PREFIX_PATH}:/home/saif/Desktop/ROARTASK/ros2_ws/install/aruco_tracking:/home/saif/Desktop/RosData/ros2_prog1/install/my_py_pkg1:/opt/ros/humble /usr/bin/cmake --install /home/saif/Desktop/ROARTASK/ros2_ws/build/my_robot_description
[0.237s] -- Install configuration: ""
[0.237s] -- Execute custom install script
[0.238s] -- Up-to-date symlink: /home/saif/Desktop/ROARTASK/ros2_ws/install/my_robot_description/share/my_robot_description/urdf/gazebo.xacro
[0.238s] -- Up-to-date symlink: /home/saif/Desktop/ROARTASK/ros2_ws/install/my_robot_description/share/my_robot_description/urdf/macros.xacro
[0.238s] -- Up-to-date symlink: /home/saif/Desktop/ROARTASK/ros2_ws/install/my_robot_description/share/my_robot_description/urdf/materials.xacro
[0.238s] -- Up-to-date symlink: /home/saif/Desktop/ROARTASK/ros2_ws/install/my_robot_description/share/my_robot_description/urdf/my_robot.urdf.xacro
[0.239s] -- Up-to-date symlink: /home/saif/Desktop/ROARTASK/ros2_ws/install/my_robot_description/share/my_robot_description/launch/display.launch.py
[0.239s] -- Up-to-date symlink: /home/saif/Desktop/ROARTASK/ros2_ws/install/my_robot_description/share/my_robot_description/launch/gazebo.launch.py
[0.239s] -- Up-to-date symlink: /home/saif/Desktop/ROARTASK/ros2_ws/install/my_robot_description/share/my_robot_description/launch/gazebo_with_teleop.launch.py
[0.239s] -- Up-to-date symlink: /home/saif/Desktop/ROARTASK/ros2_ws/install/my_robot_description/share/my_robot_description/launch/rviz_only.launch.py
[0.239s] -- Up-to-date symlink: /home/saif/Desktop/ROARTASK/ros2_ws/install/my_robot_description/share/my_robot_description/rviz/robot_view.rviz
[0.240s] -- Up-to-date symlink: /home/saif/Desktop/ROARTASK/ros2_ws/install/my_robot_description/share/my_robot_description/worlds/empty_with_sensors.sdf
[0.240s] -- Up-to-date symlink: /home/saif/Desktop/ROARTASK/ros2_ws/install/my_robot_description/share/ament_index/resource_index/package_run_dependencies/my_robot_description
[0.241s] -- Up-to-date symlink: /home/saif/Desktop/ROARTASK/ros2_ws/install/my_robot_description/share/ament_index/resource_index/parent_prefix_path/my_robot_description
[0.241s] -- Up-to-date symlink: /home/saif/Desktop/ROARTASK/ros2_ws/install/my_robot_description/share/my_robot_description/environment/ament_prefix_path.sh
[0.241s] -- Up-to-date symlink: /home/saif/Desktop/ROARTASK/ros2_ws/install/my_robot_description/share/my_robot_description/environment/ament_prefix_path.dsv
[0.241s] -- Up-to-date symlink: /home/saif/Desktop/ROARTASK/ros2_ws/install/my_robot_description/share/my_robot_description/environment/path.sh
[0.242s] -- Up-to-date symlink: /home/saif/Desktop/ROARTASK/ros2_ws/install/my_robot_description/share/my_robot_description/environment/path.dsv
[0.242s] -- Up-to-date symlink: /home/saif/Desktop/ROARTASK/ros2_ws/install/my_robot_description/share/my_robot_description/local_setup.bash
[0.242s] -- Up-to-date symlink: /home/saif/Desktop/ROARTASK/ros2_ws/install/my_robot_description/share/my_robot_description/local_setup.sh
[0.243s] -- Up-to-date symlink: /home/saif/Desktop/ROARTASK/ros2_ws/install/my_robot_description/share/my_robot_description/local_setup.zsh
[0.243s] -- Up-to-date symlink: /home/saif/Desktop/ROARTASK/ros2_ws/install/my_robot_description/share/my_robot_description/local_setup.dsv
[0.243s] -- Symlinking: /home/saif/Desktop/ROARTASK/ros2_ws/install/my_robot_description/share/my_robot_description/package.dsv
[0.249s] -- Up-to-date symlink: /home/saif/Desktop/ROARTASK/ros2_ws/install/my_robot_description/share/ament_index/resource_index/packages/my_robot_description
[0.249s] -- Up-to-date symlink: /home/saif/Desktop/ROARTASK/ros2_ws/install/my_robot_description/share/my_robot_description/cmake/my_robot_descriptionConfig.cmake
[0.249s] -- Up-to-date symlink: /home/saif/Desktop/ROARTASK/ros2_ws/install/my_robot_description/share/my_robot_description/cmake/my_robot_descriptionConfig-version.cmake
[0.249s] -- Up-to-date symlink: /home/saif/Desktop/ROARTASK/ros2_ws/install/my_robot_description/share/my_robot_description/package.xml
[0.265s] Invoked command in '/home/saif/Desktop/ROARTASK/ros2_ws/build/my_robot_description' returned '0': CMAKE_PREFIX_PATH=${CMAKE_PREFIX_PATH}:/home/saif/Desktop/ROARTASK/ros2_ws/install/aruco_tracking:/home/saif/Desktop/RosData/ros2_prog1/install/my_py_pkg1:/opt/ros/humble /usr/bin/cmake --install /home/saif/Desktop/ROARTASK/ros2_ws/build/my_robot_description
