[0.525s] Invoking command in '/home/saif/Desktop/ROARTASK/ros2_ws/src/aruco_tracking': PYTHONPATH=/home/saif/Desktop/ROARTASK/ros2_ws/build/aruco_tracking/prefix_override:/usr/lib/python3/dist-packages/colcon_core/task/python/colcon_distutils_commands:/home/saif/Desktop/ROARTASK/ros2_ws/install/aruco_tracking/lib/python3.10/site-packages:${PYTHONPATH} /usr/bin/python3 -W ignore:setup.py install is deprecated -W ignore:easy_install command is deprecated setup.py egg_info --egg-base ../../build/aruco_tracking build --build-base /home/saif/Desktop/ROARTASK/ros2_ws/build/aruco_tracking/build install --record /home/saif/Desktop/ROARTASK/ros2_ws/build/aruco_tracking/install.log --single-version-externally-managed install_data
[0.643s] /home/saif/.local/lib/python3.10/site-packages/setuptools/_distutils/dist.py:287: UserWarning: Unknown distribution option: 'tests_require'
[0.643s]   warnings.warn(msg)
[0.726s] running egg_info
[0.740s] writing ../../build/aruco_tracking/aruco_tracking.egg-info/PKG-INFO
[0.741s] writing dependency_links to ../../build/aruco_tracking/aruco_tracking.egg-info/dependency_links.txt
[0.741s] writing entry points to ../../build/aruco_tracking/aruco_tracking.egg-info/entry_points.txt
[0.741s] writing requirements to ../../build/aruco_tracking/aruco_tracking.egg-info/requires.txt
[0.741s] writing top-level names to ../../build/aruco_tracking/aruco_tracking.egg-info/top_level.txt
[0.892s] reading manifest file '../../build/aruco_tracking/aruco_tracking.egg-info/SOURCES.txt'
[0.893s] writing manifest file '../../build/aruco_tracking/aruco_tracking.egg-info/SOURCES.txt'
[0.893s] running build
[0.893s] running build_py
[0.893s] copying aruco_tracking/aruco_node.py -> /home/saif/Desktop/ROARTASK/ros2_ws/build/aruco_tracking/build/lib/aruco_tracking
[0.893s] copying aruco_tracking/aruco_tracker.py -> /home/saif/Desktop/ROARTASK/ros2_ws/build/aruco_tracking/build/lib/aruco_tracking
[0.893s] copying aruco_tracking/fake_camera.py -> /home/saif/Desktop/ROARTASK/ros2_ws/build/aruco_tracking/build/lib/aruco_tracking
[0.894s] copying aruco_tracking/__init__.py -> /home/saif/Desktop/ROARTASK/ros2_ws/build/aruco_tracking/build/lib/aruco_tracking
[0.894s] running install
[0.897s] running install_lib
[0.910s] running install_data
[0.911s] copying resource/aruco_tracking -> /home/saif/Desktop/ROARTASK/ros2_ws/install/aruco_tracking/share/ament_index/resource_index/packages
[0.911s] copying package.xml -> /home/saif/Desktop/ROARTASK/ros2_ws/install/aruco_tracking/share/aruco_tracking
[0.911s] running install_egg_info
[0.925s] removing '/home/saif/Desktop/ROARTASK/ros2_ws/install/aruco_tracking/lib/python3.10/site-packages/aruco_tracking-0.0.0-py3.10.egg-info' (and everything under it)
[0.926s] Copying ../../build/aruco_tracking/aruco_tracking.egg-info to /home/saif/Desktop/ROARTASK/ros2_ws/install/aruco_tracking/lib/python3.10/site-packages/aruco_tracking-0.0.0-py3.10.egg-info
[0.927s] running install_scripts
[0.959s] Installing aruco_node script to /home/saif/Desktop/ROARTASK/ros2_ws/install/aruco_tracking/lib/aruco_tracking
[0.959s] Installing fake_camera script to /home/saif/Desktop/ROARTASK/ros2_ws/install/aruco_tracking/lib/aruco_tracking
[0.960s] writing list of installed files to '/home/saif/Desktop/ROARTASK/ros2_ws/build/aruco_tracking/install.log'
[0.980s] Invoked command in '/home/saif/Desktop/ROARTASK/ros2_ws/src/aruco_tracking' returned '0': PYTHONPATH=/home/saif/Desktop/ROARTASK/ros2_ws/build/aruco_tracking/prefix_override:/usr/lib/python3/dist-packages/colcon_core/task/python/colcon_distutils_commands:/home/saif/Desktop/ROARTASK/ros2_ws/install/aruco_tracking/lib/python3.10/site-packages:${PYTHONPATH} /usr/bin/python3 -W ignore:setup.py install is deprecated -W ignore:easy_install command is deprecated setup.py egg_info --egg-base ../../build/aruco_tracking build --build-base /home/saif/Desktop/ROARTASK/ros2_ws/build/aruco_tracking/build install --record /home/saif/Desktop/ROARTASK/ros2_ws/build/aruco_tracking/install.log --single-version-externally-managed install_data
