[0.205s] Invoking command in '/home/saif/Desktop/ROARTASK/ros2_ws/build/my_robot_gazebo': CMAKE_PREFIX_PATH=${CMAKE_PREFIX_PATH}:/home/saif/Desktop/ROARTASK/ros2_ws/install/aruco_tracking:/home/saif/Desktop/RosData/ros2_prog1/install/my_py_pkg1:/opt/ros/humble /usr/bin/cmake --build /home/saif/Desktop/ROARTASK/ros2_ws/build/my_robot_gazebo -- -j16 -l16
[0.250s] Invoked command in '/home/saif/Desktop/ROARTASK/ros2_ws/build/my_robot_gazebo' returned '0': CMAKE_PREFIX_PATH=${CMAKE_PREFIX_PATH}:/home/saif/Desktop/ROARTASK/ros2_ws/install/aruco_tracking:/home/saif/Desktop/RosData/ros2_prog1/install/my_py_pkg1:/opt/ros/humble /usr/bin/cmake --build /home/saif/Desktop/ROARTASK/ros2_ws/build/my_robot_gazebo -- -j16 -l16
[0.252s] Invoking command in '/home/saif/Desktop/ROARTASK/ros2_ws/build/my_robot_gazebo': CMAKE_PREFIX_PATH=${CMAKE_PREFIX_PATH}:/home/saif/Desktop/ROARTASK/ros2_ws/install/aruco_tracking:/home/saif/Desktop/RosData/ros2_prog1/install/my_py_pkg1:/opt/ros/humble /usr/bin/cmake --install /home/saif/Desktop/ROARTASK/ros2_ws/build/my_robot_gazebo
[0.260s] -- Install configuration: ""
[0.260s] -- Up-to-date: /home/saif/Desktop/ROARTASK/ros2_ws/install/my_robot_gazebo/share/my_robot_gazebo/worlds
[0.260s] -- Up-to-date: /home/saif/Desktop/ROARTASK/ros2_ws/install/my_robot_gazebo/share/my_robot_gazebo/worlds/marker_world.world
[0.260s] -- Up-to-date: /home/saif/Desktop/ROARTASK/ros2_ws/install/my_robot_gazebo/share/my_robot_gazebo/models
[0.260s] -- Up-to-date: /home/saif/Desktop/ROARTASK/ros2_ws/install/my_robot_gazebo/share/my_robot_gazebo/models/pole51
[0.261s] -- Up-to-date: /home/saif/Desktop/ROARTASK/ros2_ws/install/my_robot_gazebo/share/my_robot_gazebo/models/pole51/model.sdf
[0.261s] -- Up-to-date: /home/saif/Desktop/ROARTASK/ros2_ws/install/my_robot_gazebo/share/my_robot_gazebo/models/pole51/meshes
[0.261s] -- Up-to-date: /home/saif/Desktop/ROARTASK/ros2_ws/install/my_robot_gazebo/share/my_robot_gazebo/models/pole51/meshes/pole51.dae
[0.261s] -- Up-to-date: /home/saif/Desktop/ROARTASK/ros2_ws/install/my_robot_gazebo/share/my_robot_gazebo/models/pole51/meshes/pole51.stl
[0.261s] -- Up-to-date: /home/saif/Desktop/ROARTASK/ros2_ws/install/my_robot_gazebo/share/my_robot_gazebo/models/pole51/meshes/15.png
[0.261s] -- Up-to-date: /home/saif/Desktop/ROARTASK/ros2_ws/install/my_robot_gazebo/share/my_robot_gazebo/models/pole51/model.config
[0.262s] -- Up-to-date: /home/saif/Desktop/ROARTASK/ros2_ws/install/my_robot_gazebo/share/my_robot_gazebo/models/pole52
[0.262s] -- Up-to-date: /home/saif/Desktop/ROARTASK/ros2_ws/install/my_robot_gazebo/share/my_robot_gazebo/models/pole52/model.sdf
[0.262s] -- Up-to-date: /home/saif/Desktop/ROARTASK/ros2_ws/install/my_robot_gazebo/share/my_robot_gazebo/models/pole52/meshes
[0.263s] -- Up-to-date: /home/saif/Desktop/ROARTASK/ros2_ws/install/my_robot_gazebo/share/my_robot_gazebo/models/pole52/meshes/pole52.dae
[0.263s] -- Up-to-date: /home/saif/Desktop/ROARTASK/ros2_ws/install/my_robot_gazebo/share/my_robot_gazebo/models/pole52/meshes/14.png
[0.263s] -- Up-to-date: /home/saif/Desktop/ROARTASK/ros2_ws/install/my_robot_gazebo/share/my_robot_gazebo/models/pole52/meshes/pole52.stl
[0.263s] -- Up-to-date: /home/saif/Desktop/ROARTASK/ros2_ws/install/my_robot_gazebo/share/my_robot_gazebo/models/pole52/model.config
[0.263s] -- Up-to-date: /home/saif/Desktop/ROARTASK/ros2_ws/install/my_robot_gazebo/share/my_robot_gazebo/models/pole53
[0.263s] -- Up-to-date: /home/saif/Desktop/ROARTASK/ros2_ws/install/my_robot_gazebo/share/my_robot_gazebo/models/pole53/model.sdf
[0.263s] -- Up-to-date: /home/saif/Desktop/ROARTASK/ros2_ws/install/my_robot_gazebo/share/my_robot_gazebo/models/pole53/meshes
[0.263s] -- Up-to-date: /home/saif/Desktop/ROARTASK/ros2_ws/install/my_robot_gazebo/share/my_robot_gazebo/models/pole53/meshes/pole53.dae
[0.264s] -- Up-to-date: /home/saif/Desktop/ROARTASK/ros2_ws/install/my_robot_gazebo/share/my_robot_gazebo/models/pole53/meshes/13.png
[0.264s] -- Up-to-date: /home/saif/Desktop/ROARTASK/ros2_ws/install/my_robot_gazebo/share/my_robot_gazebo/models/pole53/meshes/pole53.daeZone.Identifier
[0.264s] -- Up-to-date: /home/saif/Desktop/ROARTASK/ros2_ws/install/my_robot_gazebo/share/my_robot_gazebo/models/pole53/meshes/pole53.stl
[0.264s] -- Up-to-date: /home/saif/Desktop/ROARTASK/ros2_ws/install/my_robot_gazebo/share/my_robot_gazebo/models/pole53/meshes/13.pngZone.Identifier
[0.264s] -- Up-to-date: /home/saif/Desktop/ROARTASK/ros2_ws/install/my_robot_gazebo/share/my_robot_gazebo/models/pole53/meshes/pole53.stlZone.Identifier
[0.264s] -- Up-to-date: /home/saif/Desktop/ROARTASK/ros2_ws/install/my_robot_gazebo/share/my_robot_gazebo/models/pole53/model.config
[0.264s] -- Up-to-date: /home/saif/Desktop/ROARTASK/ros2_ws/install/my_robot_gazebo/share/my_robot_gazebo/models/pole53/model.configZone.Identifier
[0.265s] -- Up-to-date: /home/saif/Desktop/ROARTASK/ros2_ws/install/my_robot_gazebo/share/my_robot_gazebo/models/pole53/model.sdfZone.Identifier
[0.265s] -- Up-to-date: /home/saif/Desktop/ROARTASK/ros2_ws/install/my_robot_gazebo/share/my_robot_gazebo/models/pole54
[0.265s] -- Up-to-date: /home/saif/Desktop/ROARTASK/ros2_ws/install/my_robot_gazebo/share/my_robot_gazebo/models/pole54/model.sdf
[0.265s] -- Up-to-date: /home/saif/Desktop/ROARTASK/ros2_ws/install/my_robot_gazebo/share/my_robot_gazebo/models/pole54/meshes
[0.265s] -- Up-to-date: /home/saif/Desktop/ROARTASK/ros2_ws/install/my_robot_gazebo/share/my_robot_gazebo/models/pole54/meshes/pole54.stl
[0.265s] -- Up-to-date: /home/saif/Desktop/ROARTASK/ros2_ws/install/my_robot_gazebo/share/my_robot_gazebo/models/pole54/meshes/pole54.dae
[0.265s] -- Up-to-date: /home/saif/Desktop/ROARTASK/ros2_ws/install/my_robot_gazebo/share/my_robot_gazebo/models/pole54/meshes/12.pngZone.Identifier
[0.265s] -- Up-to-date: /home/saif/Desktop/ROARTASK/ros2_ws/install/my_robot_gazebo/share/my_robot_gazebo/models/pole54/meshes/pole54.stlZone.Identifier
[0.265s] -- Up-to-date: /home/saif/Desktop/ROARTASK/ros2_ws/install/my_robot_gazebo/share/my_robot_gazebo/models/pole54/meshes/12.png
[0.265s] -- Up-to-date: /home/saif/Desktop/ROARTASK/ros2_ws/install/my_robot_gazebo/share/my_robot_gazebo/models/pole54/meshes/pole54.daeZone.Identifier
[0.265s] -- Up-to-date: /home/saif/Desktop/ROARTASK/ros2_ws/install/my_robot_gazebo/share/my_robot_gazebo/models/pole54/model.config
[0.265s] -- Up-to-date: /home/saif/Desktop/ROARTASK/ros2_ws/install/my_robot_gazebo/share/my_robot_gazebo/models/pole54/model.configZone.Identifier
[0.265s] -- Up-to-date: /home/saif/Desktop/ROARTASK/ros2_ws/install/my_robot_gazebo/share/my_robot_gazebo/models/pole54/model.sdfZone.Identifier
[0.265s] -- Up-to-date: /home/saif/Desktop/ROARTASK/ros2_ws/install/my_robot_gazebo/share/my_robot_gazebo/launch
[0.265s] -- Up-to-date: /home/saif/Desktop/ROARTASK/ros2_ws/install/my_robot_gazebo/share/my_robot_gazebo/launch/spawn_robot.launch.py
[0.266s] -- Up-to-date: /home/saif/Desktop/ROARTASK/ros2_ws/install/my_robot_gazebo/share/ament_index/resource_index/package_run_dependencies/my_robot_gazebo
[0.266s] -- Up-to-date: /home/saif/Desktop/ROARTASK/ros2_ws/install/my_robot_gazebo/share/ament_index/resource_index/parent_prefix_path/my_robot_gazebo
[0.266s] -- Up-to-date: /home/saif/Desktop/ROARTASK/ros2_ws/install/my_robot_gazebo/share/my_robot_gazebo/environment/ament_prefix_path.sh
[0.266s] -- Up-to-date: /home/saif/Desktop/ROARTASK/ros2_ws/install/my_robot_gazebo/share/my_robot_gazebo/environment/ament_prefix_path.dsv
[0.267s] -- Up-to-date: /home/saif/Desktop/ROARTASK/ros2_ws/install/my_robot_gazebo/share/my_robot_gazebo/environment/path.sh
[0.267s] -- Up-to-date: /home/saif/Desktop/ROARTASK/ros2_ws/install/my_robot_gazebo/share/my_robot_gazebo/environment/path.dsv
[0.267s] -- Up-to-date: /home/saif/Desktop/ROARTASK/ros2_ws/install/my_robot_gazebo/share/my_robot_gazebo/local_setup.bash
[0.267s] -- Up-to-date: /home/saif/Desktop/ROARTASK/ros2_ws/install/my_robot_gazebo/share/my_robot_gazebo/local_setup.sh
[0.267s] -- Up-to-date: /home/saif/Desktop/ROARTASK/ros2_ws/install/my_robot_gazebo/share/my_robot_gazebo/local_setup.zsh
[0.267s] -- Up-to-date: /home/saif/Desktop/ROARTASK/ros2_ws/install/my_robot_gazebo/share/my_robot_gazebo/local_setup.dsv
[0.267s] -- Installing: /home/saif/Desktop/ROARTASK/ros2_ws/install/my_robot_gazebo/share/my_robot_gazebo/package.dsv
[0.267s] -- Up-to-date: /home/saif/Desktop/ROARTASK/ros2_ws/install/my_robot_gazebo/share/ament_index/resource_index/packages/my_robot_gazebo
[0.268s] -- Up-to-date: /home/saif/Desktop/ROARTASK/ros2_ws/install/my_robot_gazebo/share/my_robot_gazebo/cmake/my_robot_gazeboConfig.cmake
[0.269s] -- Up-to-date: /home/saif/Desktop/ROARTASK/ros2_ws/install/my_robot_gazebo/share/my_robot_gazebo/cmake/my_robot_gazeboConfig-version.cmake
[0.269s] -- Up-to-date: /home/saif/Desktop/ROARTASK/ros2_ws/install/my_robot_gazebo/share/my_robot_gazebo/package.xml
[0.282s] Invoked command in '/home/saif/Desktop/ROARTASK/ros2_ws/build/my_robot_gazebo' returned '0': CMAKE_PREFIX_PATH=${CMAKE_PREFIX_PATH}:/home/saif/Desktop/ROARTASK/ros2_ws/install/aruco_tracking:/home/saif/Desktop/RosData/ros2_prog1/install/my_py_pkg1:/opt/ros/humble /usr/bin/cmake --install /home/saif/Desktop/ROARTASK/ros2_ws/build/my_robot_gazebo
