/home/saif/.local/lib/python3.10/site-packages/setuptools/_distutils/dist.py:287: UserWarning: Unknown distribution option: 'tests_require'
  warnings.warn(msg)
running egg_info
creating ../../build/aruco_tracking/aruco_tracking.egg-info
writing ../../build/aruco_tracking/aruco_tracking.egg-info/PKG-INFO
writing dependency_links to ../../build/aruco_tracking/aruco_tracking.egg-info/dependency_links.txt
writing entry points to ../../build/aruco_tracking/aruco_tracking.egg-info/entry_points.txt
writing requirements to ../../build/aruco_tracking/aruco_tracking.egg-info/requires.txt
writing top-level names to ../../build/aruco_tracking/aruco_tracking.egg-info/top_level.txt
writing manifest file '../../build/aruco_tracking/aruco_tracking.egg-info/SOURCES.txt'
reading manifest file '../../build/aruco_tracking/aruco_tracking.egg-info/SOURCES.txt'
writing manifest file '../../build/aruco_tracking/aruco_tracking.egg-info/SOURCES.txt'
running build
running build_py
creating /home/saif/Desktop/ROARTASK/ros2_ws/build/aruco_tracking/build/lib/aruco_tracking
copying aruco_tracking/aruco_node.py -> /home/saif/Desktop/ROARTASK/ros2_ws/build/aruco_tracking/build/lib/aruco_tracking
copying aruco_tracking/aruco_tracker.py -> /home/saif/Desktop/ROARTASK/ros2_ws/build/aruco_tracking/build/lib/aruco_tracking
copying aruco_tracking/fake_camera.py -> /home/saif/Desktop/ROARTASK/ros2_ws/build/aruco_tracking/build/lib/aruco_tracking
copying aruco_tracking/__init__.py -> /home/saif/Desktop/ROARTASK/ros2_ws/build/aruco_tracking/build/lib/aruco_tracking
running install
running install_lib
creating /home/saif/Desktop/ROARTASK/ros2_ws/install/aruco_tracking/lib/python3.10/site-packages/aruco_tracking
copying /home/saif/Desktop/ROARTASK/ros2_ws/build/aruco_tracking/build/lib/aruco_tracking/aruco_node.py -> /home/saif/Desktop/ROARTASK/ros2_ws/install/aruco_tracking/lib/python3.10/site-packages/aruco_tracking
copying /home/saif/Desktop/ROARTASK/ros2_ws/build/aruco_tracking/build/lib/aruco_tracking/aruco_tracker.py -> /home/saif/Desktop/ROARTASK/ros2_ws/install/aruco_tracking/lib/python3.10/site-packages/aruco_tracking
copying /home/saif/Desktop/ROARTASK/ros2_ws/build/aruco_tracking/build/lib/aruco_tracking/fake_camera.py -> /home/saif/Desktop/ROARTASK/ros2_ws/install/aruco_tracking/lib/python3.10/site-packages/aruco_tracking
copying /home/saif/Desktop/ROARTASK/ros2_ws/build/aruco_tracking/build/lib/aruco_tracking/__init__.py -> /home/saif/Desktop/ROARTASK/ros2_ws/install/aruco_tracking/lib/python3.10/site-packages/aruco_tracking
byte-compiling /home/saif/Desktop/ROARTASK/ros2_ws/install/aruco_tracking/lib/python3.10/site-packages/aruco_tracking/aruco_node.py to aruco_node.cpython-310.pyc
byte-compiling /home/saif/Desktop/ROARTASK/ros2_ws/install/aruco_tracking/lib/python3.10/site-packages/aruco_tracking/aruco_tracker.py to aruco_tracker.cpython-310.pyc
byte-compiling /home/saif/Desktop/ROARTASK/ros2_ws/install/aruco_tracking/lib/python3.10/site-packages/aruco_tracking/fake_camera.py to fake_camera.cpython-310.pyc
byte-compiling /home/saif/Desktop/ROARTASK/ros2_ws/install/aruco_tracking/lib/python3.10/site-packages/aruco_tracking/__init__.py to __init__.cpython-310.pyc
running install_data
creating /home/saif/Desktop/ROARTASK/ros2_ws/install/aruco_tracking/share/ament_index/resource_index/packages
copying resource/aruco_tracking -> /home/saif/Desktop/ROARTASK/ros2_ws/install/aruco_tracking/share/ament_index/resource_index/packages
copying package.xml -> /home/saif/Desktop/ROARTASK/ros2_ws/install/aruco_tracking/share/aruco_tracking
running install_egg_info
Copying ../../build/aruco_tracking/aruco_tracking.egg-info to /home/saif/Desktop/ROARTASK/ros2_ws/install/aruco_tracking/lib/python3.10/site-packages/aruco_tracking-0.0.0-py3.10.egg-info
running install_scripts
Installing aruco_node script to /home/saif/Desktop/ROARTASK/ros2_ws/install/aruco_tracking/lib/aruco_tracking
Installing fake_camera script to /home/saif/Desktop/ROARTASK/ros2_ws/install/aruco_tracking/lib/aruco_tracking
writing list of installed files to '/home/saif/Desktop/ROARTASK/ros2_ws/build/aruco_tracking/install.log'
