[0.175s] Invoking command in '/home/saif/Desktop/ROARTASK/ros2_ws/build/my_robot_gazebo': CMAKE_PREFIX_PATH=${CMAKE_PREFIX_PATH}:/home/saif/Desktop/RosData/ros2_prog1/install/my_py_pkg1:/opt/ros/humble /usr/bin/cmake /home/saif/Desktop/ROARTASK/ros2_ws/src/my_robot_gazebo -DAMENT_CMAKE_SYMLINK_INSTALL=1 -DCMAKE_INSTALL_PREFIX=/home/saif/Desktop/ROARTASK/ros2_ws/install/my_robot_gazebo
[0.188s] -- Found ament_cmake: 1.3.14 (/opt/ros/humble/share/ament_cmake/cmake)
[0.294s] -- Override CMake install command with custom implementation using symlinks instead of copying resources
[0.307s] -- Found ament_lint_auto: 0.12.15 (/opt/ros/humble/share/ament_lint_auto/cmake)
[0.374s] -- Added test 'flake8' to check Python code syntax and style conventions
[0.375s] -- Added test 'lint_cmake' to check CMake code style
[0.375s] -- Added test 'pep257' to check Python code against some of the docstring style conventions in PEP 257
[0.379s] -- Added test 'xmllint' to check XML markup files
[0.379s] -- Configuring done
[0.384s] -- Generating done
[0.384s] -- Build files have been written to: /home/saif/Desktop/ROARTASK/ros2_ws/build/my_robot_gazebo
[0.386s] Invoked command in '/home/saif/Desktop/ROARTASK/ros2_ws/build/my_robot_gazebo' returned '0': CMAKE_PREFIX_PATH=${CMAKE_PREFIX_PATH}:/home/saif/Desktop/RosData/ros2_prog1/install/my_py_pkg1:/opt/ros/humble /usr/bin/cmake /home/saif/Desktop/ROARTASK/ros2_ws/src/my_robot_gazebo -DAMENT_CMAKE_SYMLINK_INSTALL=1 -DCMAKE_INSTALL_PREFIX=/home/saif/Desktop/ROARTASK/ros2_ws/install/my_robot_gazebo
[0.387s] Invoking command in '/home/saif/Desktop/ROARTASK/ros2_ws/build/my_robot_gazebo': CMAKE_PREFIX_PATH=${CMAKE_PREFIX_PATH}:/home/saif/Desktop/RosData/ros2_prog1/install/my_py_pkg1:/opt/ros/humble /usr/bin/cmake --build /home/saif/Desktop/ROARTASK/ros2_ws/build/my_robot_gazebo -- -j16 -l16
[0.429s] Invoked command in '/home/saif/Desktop/ROARTASK/ros2_ws/build/my_robot_gazebo' returned '0': CMAKE_PREFIX_PATH=${CMAKE_PREFIX_PATH}:/home/saif/Desktop/RosData/ros2_prog1/install/my_py_pkg1:/opt/ros/humble /usr/bin/cmake --build /home/saif/Desktop/ROARTASK/ros2_ws/build/my_robot_gazebo -- -j16 -l16
[0.430s] Invoking command in '/home/saif/Desktop/ROARTASK/ros2_ws/build/my_robot_gazebo': CMAKE_PREFIX_PATH=${CMAKE_PREFIX_PATH}:/home/saif/Desktop/RosData/ros2_prog1/install/my_py_pkg1:/opt/ros/humble /usr/bin/cmake --install /home/saif/Desktop/ROARTASK/ros2_ws/build/my_robot_gazebo
[0.436s] -- Install configuration: ""
[0.437s] -- Execute custom install script
[0.437s] -- Symlinking: /home/saif/Desktop/ROARTASK/ros2_ws/install/my_robot_gazebo/share/my_robot_gazebo/worlds/marker_world.world
[0.445s] -- Symlinking: /home/saif/Desktop/ROARTASK/ros2_ws/install/my_robot_gazebo/share/my_robot_gazebo/models/pole51/meshes/15.png
[0.453s] -- Symlinking: /home/saif/Desktop/ROARTASK/ros2_ws/install/my_robot_gazebo/share/my_robot_gazebo/models/pole51/meshes/pole51.dae
[0.460s] -- Symlinking: /home/saif/Desktop/ROARTASK/ros2_ws/install/my_robot_gazebo/share/my_robot_gazebo/models/pole51/meshes/pole51.stl
[0.468s] -- Symlinking: /home/saif/Desktop/ROARTASK/ros2_ws/install/my_robot_gazebo/share/my_robot_gazebo/models/pole51/model.config
[0.476s] -- Symlinking: /home/saif/Desktop/ROARTASK/ros2_ws/install/my_robot_gazebo/share/my_robot_gazebo/models/pole51/model.sdf
[0.483s] -- Symlinking: /home/saif/Desktop/ROARTASK/ros2_ws/install/my_robot_gazebo/share/my_robot_gazebo/models/pole52/meshes/14.png
[0.491s] -- Symlinking: /home/saif/Desktop/ROARTASK/ros2_ws/install/my_robot_gazebo/share/my_robot_gazebo/models/pole52/meshes/pole52.dae
[0.500s] -- Symlinking: /home/saif/Desktop/ROARTASK/ros2_ws/install/my_robot_gazebo/share/my_robot_gazebo/models/pole52/meshes/pole52.stl
[0.509s] -- Symlinking: /home/saif/Desktop/ROARTASK/ros2_ws/install/my_robot_gazebo/share/my_robot_gazebo/models/pole52/model.config
[0.518s] -- Symlinking: /home/saif/Desktop/ROARTASK/ros2_ws/install/my_robot_gazebo/share/my_robot_gazebo/models/pole52/model.sdf
[0.526s] -- Symlinking: /home/saif/Desktop/ROARTASK/ros2_ws/install/my_robot_gazebo/share/my_robot_gazebo/models/pole53/meshes/13.png
[0.535s] -- Symlinking: /home/saif/Desktop/ROARTASK/ros2_ws/install/my_robot_gazebo/share/my_robot_gazebo/models/pole53/meshes/13.pngZone.Identifier
[0.544s] -- Symlinking: /home/saif/Desktop/ROARTASK/ros2_ws/install/my_robot_gazebo/share/my_robot_gazebo/models/pole53/meshes/pole53.dae
[0.553s] -- Symlinking: /home/saif/Desktop/ROARTASK/ros2_ws/install/my_robot_gazebo/share/my_robot_gazebo/models/pole53/meshes/pole53.daeZone.Identifier
[0.561s] -- Symlinking: /home/saif/Desktop/ROARTASK/ros2_ws/install/my_robot_gazebo/share/my_robot_gazebo/models/pole53/meshes/pole53.stl
[0.569s] -- Symlinking: /home/saif/Desktop/ROARTASK/ros2_ws/install/my_robot_gazebo/share/my_robot_gazebo/models/pole53/meshes/pole53.stlZone.Identifier
[0.579s] -- Symlinking: /home/saif/Desktop/ROARTASK/ros2_ws/install/my_robot_gazebo/share/my_robot_gazebo/models/pole53/model.config
[0.587s] -- Symlinking: /home/saif/Desktop/ROARTASK/ros2_ws/install/my_robot_gazebo/share/my_robot_gazebo/models/pole53/model.configZone.Identifier
[0.596s] -- Symlinking: /home/saif/Desktop/ROARTASK/ros2_ws/install/my_robot_gazebo/share/my_robot_gazebo/models/pole53/model.sdf
[0.605s] -- Symlinking: /home/saif/Desktop/ROARTASK/ros2_ws/install/my_robot_gazebo/share/my_robot_gazebo/models/pole53/model.sdfZone.Identifier
[0.613s] -- Symlinking: /home/saif/Desktop/ROARTASK/ros2_ws/install/my_robot_gazebo/share/my_robot_gazebo/models/pole54/meshes/12.png
[0.622s] -- Symlinking: /home/saif/Desktop/ROARTASK/ros2_ws/install/my_robot_gazebo/share/my_robot_gazebo/models/pole54/meshes/12.pngZone.Identifier
[0.631s] -- Symlinking: /home/saif/Desktop/ROARTASK/ros2_ws/install/my_robot_gazebo/share/my_robot_gazebo/models/pole54/meshes/pole54.dae
[0.639s] -- Symlinking: /home/saif/Desktop/ROARTASK/ros2_ws/install/my_robot_gazebo/share/my_robot_gazebo/models/pole54/meshes/pole54.daeZone.Identifier
[0.648s] -- Symlinking: /home/saif/Desktop/ROARTASK/ros2_ws/install/my_robot_gazebo/share/my_robot_gazebo/models/pole54/meshes/pole54.stl
[0.656s] -- Symlinking: /home/saif/Desktop/ROARTASK/ros2_ws/install/my_robot_gazebo/share/my_robot_gazebo/models/pole54/meshes/pole54.stlZone.Identifier
[0.665s] -- Symlinking: /home/saif/Desktop/ROARTASK/ros2_ws/install/my_robot_gazebo/share/my_robot_gazebo/models/pole54/model.config
[0.674s] -- Symlinking: /home/saif/Desktop/ROARTASK/ros2_ws/install/my_robot_gazebo/share/my_robot_gazebo/models/pole54/model.configZone.Identifier
[0.682s] -- Symlinking: /home/saif/Desktop/ROARTASK/ros2_ws/install/my_robot_gazebo/share/my_robot_gazebo/models/pole54/model.sdf
[0.691s] -- Symlinking: /home/saif/Desktop/ROARTASK/ros2_ws/install/my_robot_gazebo/share/my_robot_gazebo/models/pole54/model.sdfZone.Identifier
[0.700s] -- Symlinking: /home/saif/Desktop/ROARTASK/ros2_ws/install/my_robot_gazebo/share/my_robot_gazebo/launch/spawn_robot.launch.py
[0.708s] -- Symlinking: /home/saif/Desktop/ROARTASK/ros2_ws/install/my_robot_gazebo/share/ament_index/resource_index/package_run_dependencies/my_robot_gazebo
[0.717s] -- Symlinking: /home/saif/Desktop/ROARTASK/ros2_ws/install/my_robot_gazebo/share/ament_index/resource_index/parent_prefix_path/my_robot_gazebo
[0.726s] -- Symlinking: /home/saif/Desktop/ROARTASK/ros2_ws/install/my_robot_gazebo/share/my_robot_gazebo/environment/ament_prefix_path.sh
[0.734s] -- Symlinking: /home/saif/Desktop/ROARTASK/ros2_ws/install/my_robot_gazebo/share/my_robot_gazebo/environment/ament_prefix_path.dsv
[0.743s] -- Symlinking: /home/saif/Desktop/ROARTASK/ros2_ws/install/my_robot_gazebo/share/my_robot_gazebo/environment/path.sh
[0.751s] -- Symlinking: /home/saif/Desktop/ROARTASK/ros2_ws/install/my_robot_gazebo/share/my_robot_gazebo/environment/path.dsv
[0.760s] -- Symlinking: /home/saif/Desktop/ROARTASK/ros2_ws/install/my_robot_gazebo/share/my_robot_gazebo/local_setup.bash
[0.768s] -- Symlinking: /home/saif/Desktop/ROARTASK/ros2_ws/install/my_robot_gazebo/share/my_robot_gazebo/local_setup.sh
[0.776s] -- Symlinking: /home/saif/Desktop/ROARTASK/ros2_ws/install/my_robot_gazebo/share/my_robot_gazebo/local_setup.zsh
[0.784s] -- Symlinking: /home/saif/Desktop/ROARTASK/ros2_ws/install/my_robot_gazebo/share/my_robot_gazebo/local_setup.dsv
[0.792s] -- Symlinking: /home/saif/Desktop/ROARTASK/ros2_ws/install/my_robot_gazebo/share/my_robot_gazebo/package.dsv
[0.800s] -- Symlinking: /home/saif/Desktop/ROARTASK/ros2_ws/install/my_robot_gazebo/share/ament_index/resource_index/packages/my_robot_gazebo
[0.808s] -- Symlinking: /home/saif/Desktop/ROARTASK/ros2_ws/install/my_robot_gazebo/share/my_robot_gazebo/cmake/my_robot_gazeboConfig.cmake
[0.816s] -- Symlinking: /home/saif/Desktop/ROARTASK/ros2_ws/install/my_robot_gazebo/share/my_robot_gazebo/cmake/my_robot_gazeboConfig-version.cmake
[0.824s] -- Symlinking: /home/saif/Desktop/ROARTASK/ros2_ws/install/my_robot_gazebo/share/my_robot_gazebo/package.xml
