[0.178s] Invoking command in '/home/saif/Desktop/ROARTASK/ros2_ws/build/my_robot_perception': CMAKE_PREFIX_PATH=${CMAKE_PREFIX_PATH}:/home/saif/Desktop/ROARTASK/ros2_ws/install/aruco_tracking:/home/saif/Desktop/RosData/ros2_prog1/install/my_py_pkg1:/opt/ros/humble /usr/bin/cmake /home/saif/Desktop/ROARTASK/ros2_ws/src/my_robot_perception -DCMAKE_INSTALL_PREFIX=/home/saif/Desktop/ROARTASK/ros2_ws/install/my_robot_perception
[0.187s] -- Found ament_cmake: 1.3.14 (/opt/ros/humble/share/ament_cmake/cmake)
[0.291s] -- Override CMake install command with custom implementation using symlinks instead of copying resources
[0.297s] -- Found ament_lint_auto: 0.12.15 (/opt/ros/humble/share/ament_lint_auto/cmake)
[0.355s] -- Added test 'flake8' to check Python code syntax and style conventions
[0.356s] -- Added test 'lint_cmake' to check CMake code style
[0.356s] -- Added test 'pep257' to check Python code against some of the docstring style conventions in PEP 257
[0.357s] -- Added test 'xmllint' to check XML markup files
[0.358s] -- Configuring done
[0.361s] -- Generating done
[0.362s] -- Build files have been written to: /home/saif/Desktop/ROARTASK/ros2_ws/build/my_robot_perception
[0.364s] Invoked command in '/home/saif/Desktop/ROARTASK/ros2_ws/build/my_robot_perception' returned '0': CMAKE_PREFIX_PATH=${CMAKE_PREFIX_PATH}:/home/saif/Desktop/ROARTASK/ros2_ws/install/aruco_tracking:/home/saif/Desktop/RosData/ros2_prog1/install/my_py_pkg1:/opt/ros/humble /usr/bin/cmake /home/saif/Desktop/ROARTASK/ros2_ws/src/my_robot_perception -DCMAKE_INSTALL_PREFIX=/home/saif/Desktop/ROARTASK/ros2_ws/install/my_robot_perception
[0.365s] Invoking command in '/home/saif/Desktop/ROARTASK/ros2_ws/build/my_robot_perception': CMAKE_PREFIX_PATH=${CMAKE_PREFIX_PATH}:/home/saif/Desktop/ROARTASK/ros2_ws/install/aruco_tracking:/home/saif/Desktop/RosData/ros2_prog1/install/my_py_pkg1:/opt/ros/humble /usr/bin/cmake --build /home/saif/Desktop/ROARTASK/ros2_ws/build/my_robot_perception -- -j16 -l16
[0.408s] Invoked command in '/home/saif/Desktop/ROARTASK/ros2_ws/build/my_robot_perception' returned '0': CMAKE_PREFIX_PATH=${CMAKE_PREFIX_PATH}:/home/saif/Desktop/ROARTASK/ros2_ws/install/aruco_tracking:/home/saif/Desktop/RosData/ros2_prog1/install/my_py_pkg1:/opt/ros/humble /usr/bin/cmake --build /home/saif/Desktop/ROARTASK/ros2_ws/build/my_robot_perception -- -j16 -l16
[0.409s] Invoking command in '/home/saif/Desktop/ROARTASK/ros2_ws/build/my_robot_perception': CMAKE_PREFIX_PATH=${CMAKE_PREFIX_PATH}:/home/saif/Desktop/ROARTASK/ros2_ws/install/aruco_tracking:/home/saif/Desktop/RosData/ros2_prog1/install/my_py_pkg1:/opt/ros/humble /usr/bin/cmake --install /home/saif/Desktop/ROARTASK/ros2_ws/build/my_robot_perception
[0.416s] -- Install configuration: ""
[0.416s] -- Execute custom install script
[0.417s] -- Up-to-date symlink: /home/saif/Desktop/ROARTASK/ros2_ws/install/my_robot_perception/share/my_robot_perception/launch/aruco_detection.launch.py
[0.417s] -- Up-to-date symlink: /home/saif/Desktop/ROARTASK/ros2_ws/install/my_robot_perception/share/ament_index/resource_index/package_run_dependencies/my_robot_perception
[0.417s] -- Up-to-date symlink: /home/saif/Desktop/ROARTASK/ros2_ws/install/my_robot_perception/share/ament_index/resource_index/parent_prefix_path/my_robot_perception
[0.417s] -- Up-to-date symlink: /home/saif/Desktop/ROARTASK/ros2_ws/install/my_robot_perception/share/my_robot_perception/environment/ament_prefix_path.sh
[0.417s] -- Up-to-date symlink: /home/saif/Desktop/ROARTASK/ros2_ws/install/my_robot_perception/share/my_robot_perception/environment/ament_prefix_path.dsv
[0.418s] -- Up-to-date symlink: /home/saif/Desktop/ROARTASK/ros2_ws/install/my_robot_perception/share/my_robot_perception/environment/path.sh
[0.418s] -- Up-to-date symlink: /home/saif/Desktop/ROARTASK/ros2_ws/install/my_robot_perception/share/my_robot_perception/environment/path.dsv
[0.418s] -- Up-to-date symlink: /home/saif/Desktop/ROARTASK/ros2_ws/install/my_robot_perception/share/my_robot_perception/local_setup.bash
[0.418s] -- Up-to-date symlink: /home/saif/Desktop/ROARTASK/ros2_ws/install/my_robot_perception/share/my_robot_perception/local_setup.sh
[0.418s] -- Up-to-date symlink: /home/saif/Desktop/ROARTASK/ros2_ws/install/my_robot_perception/share/my_robot_perception/local_setup.zsh
[0.419s] -- Up-to-date symlink: /home/saif/Desktop/ROARTASK/ros2_ws/install/my_robot_perception/share/my_robot_perception/local_setup.dsv
[0.419s] -- Symlinking: /home/saif/Desktop/ROARTASK/ros2_ws/install/my_robot_perception/share/my_robot_perception/package.dsv
[0.427s] -- Up-to-date symlink: /home/saif/Desktop/ROARTASK/ros2_ws/install/my_robot_perception/share/ament_index/resource_index/packages/my_robot_perception
[0.427s] -- Up-to-date symlink: /home/saif/Desktop/ROARTASK/ros2_ws/install/my_robot_perception/share/my_robot_perception/cmake/my_robot_perceptionConfig.cmake
[0.427s] -- Up-to-date symlink: /home/saif/Desktop/ROARTASK/ros2_ws/install/my_robot_perception/share/my_robot_perception/cmake/my_robot_perceptionConfig-version.cmake
[0.427s] -- Up-to-date symlink: /home/saif/Desktop/ROARTASK/ros2_ws/install/my_robot_perception/share/my_robot_perception/package.xml
[0.447s] Invoked command in '/home/saif/Desktop/ROARTASK/ros2_ws/build/my_robot_perception' returned '0': CMAKE_PREFIX_PATH=${CMAKE_PREFIX_PATH}:/home/saif/Desktop/ROARTASK/ros2_ws/install/aruco_tracking:/home/saif/Desktop/RosData/ros2_prog1/install/my_py_pkg1:/opt/ros/humble /usr/bin/cmake --install /home/saif/Desktop/ROARTASK/ros2_ws/build/my_robot_perception
